08/04/22 00:36:16 ******************************************************
08/04/22 00:36:16 ** condor_scheduniv_exec.61.0 (CONDOR_DAGMAN) STARTING UP
08/04/22 00:36:16 ** /usr/bin/condor_dagman
08/04/22 00:36:16 ** SubsystemInfo: name=DAGMAN type=DAGMAN(10) class=CLIENT(2)
08/04/22 00:36:16 ** Configuration: subsystem:DAGMAN local:<NONE> class:CLIENT
08/04/22 00:36:16 ** $CondorVersion: 9.9.0 2022-05-28 BuildID: 589289 PackageID: 9.9.0-1 $
08/04/22 00:36:16 ** $CondorPlatform: x86_64_CentOS7 $
08/04/22 00:36:16 ** PID = 1060
08/04/22 00:36:16 ** Log last touched time unavailable (No such file or directory)
08/04/22 00:36:16 ******************************************************
08/04/22 00:36:16 Using config source: /etc/condor/condor_config
08/04/22 00:36:16 Using local config sources: 
08/04/22 00:36:16    /etc/condor/config.d/01-submit.config
08/04/22 00:36:16    /etc/condor/condor_config.local
08/04/22 00:36:16 config Macros = 69, Sorted = 69, StringBytes = 1856, TablesBytes = 2532
08/04/22 00:36:16 CLASSAD_CACHING is ENABLED
08/04/22 00:36:16 Daemon Log is logging: D_ALWAYS D_ERROR D_STATUS
08/04/22 00:36:16 DaemonCore: No command port requested.
08/04/22 00:36:16 DAGMAN_USE_STRICT setting: 1
08/04/22 00:36:16 DAGMAN_VERBOSITY setting: 3
08/04/22 00:36:16 DAGMAN_DEBUG_CACHE_SIZE setting: 5242880
08/04/22 00:36:16 DAGMAN_DEBUG_CACHE_ENABLE setting: False
08/04/22 00:36:16 DAGMAN_SUBMIT_DELAY setting: 0
08/04/22 00:36:16 DAGMAN_MAX_SUBMIT_ATTEMPTS setting: 6
08/04/22 00:36:16 DAGMAN_STARTUP_CYCLE_DETECT setting: False
08/04/22 00:36:16 DAGMAN_MAX_SUBMITS_PER_INTERVAL setting: 100
08/04/22 00:36:16 DAGMAN_AGGRESSIVE_SUBMIT setting: False
08/04/22 00:36:16 DAGMAN_USER_LOG_SCAN_INTERVAL setting: 5
08/04/22 00:36:16 DAGMAN_QUEUE_UPDATE_INTERVAL setting: 300
08/04/22 00:36:16 DAGMAN_DEFAULT_PRIORITY setting: 0
08/04/22 00:36:16 DAGMAN_SUPPRESS_NOTIFICATION setting: True
08/04/22 00:36:16 allow_events (DAGMAN_ALLOW_EVENTS) setting: 114
08/04/22 00:36:16 DAGMAN_RETRY_SUBMIT_FIRST setting: True
08/04/22 00:36:16 DAGMAN_RETRY_NODE_FIRST setting: False
08/04/22 00:36:16 DAGMAN_MAX_JOBS_IDLE setting: 1000
08/04/22 00:36:16 DAGMAN_MAX_JOBS_SUBMITTED setting: 0
08/04/22 00:36:16 DAGMAN_MAX_PRE_SCRIPTS setting: 20
08/04/22 00:36:16 DAGMAN_MAX_POST_SCRIPTS setting: 20
08/04/22 00:36:16 DAGMAN_MAX_HOLD_SCRIPTS setting: 20
08/04/22 00:36:16 DAGMAN_MUNGE_NODE_NAMES setting: True
08/04/22 00:36:16 DAGMAN_PROHIBIT_MULTI_JOBS setting: False
08/04/22 00:36:16 DAGMAN_SUBMIT_DEPTH_FIRST setting: False
08/04/22 00:36:16 DAGMAN_ALWAYS_RUN_POST setting: False
08/04/22 00:36:16 DAGMAN_CONDOR_SUBMIT_EXE setting: /usr/bin/condor_submit
08/04/22 00:36:16 DAGMAN_USE_DIRECT_SUBMIT setting: True
08/04/22 00:36:16 DAGMAN_ABORT_DUPLICATES setting: True
08/04/22 00:36:16 DAGMAN_ABORT_ON_SCARY_SUBMIT setting: True
08/04/22 00:36:16 DAGMAN_PENDING_REPORT_INTERVAL setting: 600
08/04/22 00:36:16 DAGMAN_AUTO_RESCUE setting: True
08/04/22 00:36:16 DAGMAN_MAX_RESCUE_NUM setting: 100
08/04/22 00:36:16 DAGMAN_WRITE_PARTIAL_RESCUE setting: True
08/04/22 00:36:16 DAGMAN_DEFAULT_NODE_LOG setting: @(DAG_DIR)/@(DAG_FILE).nodes.log
08/04/22 00:36:16 DAGMAN_GENERATE_SUBDAG_SUBMITS setting: True
08/04/22 00:36:16 DAGMAN_MAX_JOB_HOLDS setting: 100
08/04/22 00:36:16 DAGMAN_HOLD_CLAIM_TIME setting: 20
08/04/22 00:36:16 ALL_DEBUG setting: 
08/04/22 00:36:16 DAGMAN_DEBUG setting: 
08/04/22 00:36:16 DAGMAN_SUPPRESS_JOB_LOGS setting: False
08/04/22 00:36:16 DAGMAN_REMOVE_NODE_JOBS setting: True
08/04/22 00:36:16 DAGMAN will adjust edges after parsing
08/04/22 00:36:16 argv[0] == "condor_scheduniv_exec.61.0"
08/04/22 00:36:16 argv[1] == "-Lockfile"
08/04/22 00:36:16 argv[2] == "start_dag.condor_dag.lock"
08/04/22 00:36:16 argv[3] == "-AutoRescue"
08/04/22 00:36:16 argv[4] == "1"
08/04/22 00:36:16 argv[5] == "-DoRescueFrom"
08/04/22 00:36:16 argv[6] == "0"
08/04/22 00:36:16 argv[7] == "-Dag"
08/04/22 00:36:16 argv[8] == "start_dag.condor_dag"
08/04/22 00:36:16 argv[9] == "-Suppress_notification"
08/04/22 00:36:16 argv[10] == "-CsdVersion"
08/04/22 00:36:16 argv[11] == "$CondorVersion: 9.9.0 2022-05-28 BuildID: 589289 PackageID: 9.9.0-1 $"
08/04/22 00:36:16 argv[12] == "-Dagman"
08/04/22 00:36:16 argv[13] == "/usr/bin/condor_dagman"
08/04/22 00:36:16 Can't open directory "/etc/condor/passwords.d" as PRIV_ROOT, errno: 13 (Permission denied)
08/04/22 00:36:16 Can't open directory "/etc/condor/passwords.d" as PRIV_ROOT, errno: 13 (Permission denied)
08/04/22 00:36:16 TOKEN: No token found.
08/04/22 00:36:16 Workflow batch-id: <61.0>
08/04/22 00:36:16 Workflow batch-name: <start_dag.condor_dag+61>
08/04/22 00:36:16 Workflow accounting_group: <>
08/04/22 00:36:16 Workflow accounting_group_user: <>
08/04/22 00:36:16 Warning: failed to get attribute DAGNodeName
08/04/22 00:36:16 DAGMAN_LOG_ON_NFS_IS_ERROR setting: False
08/04/22 00:36:16 Default node log file is: </Tarea-HTCondor-Bash-Dag/./start_dag.condor_dag.nodes.log>
08/04/22 00:36:16 DAG Lockfile will be written to start_dag.condor_dag.lock
08/04/22 00:36:16 DAG Input file is start_dag.condor_dag
08/04/22 00:36:16 Parsing 1 dagfiles
08/04/22 00:36:16 Parsing start_dag.condor_dag ...
08/04/22 00:36:16 Adjusting edges
08/04/22 00:36:16 Dag contains 6 total jobs
08/04/22 00:36:16 Bootstrapping...
08/04/22 00:36:16 Number of pre-completed nodes: 0
08/04/22 00:36:16 MultiLogFiles: truncating log file /Tarea-HTCondor-Bash-Dag/./start_dag.condor_dag.nodes.log
08/04/22 00:36:16 DAG status: 0 (DAG_STATUS_OK)
08/04/22 00:36:16 Of 6 nodes total:
08/04/22 00:36:16  Done     Pre   Queued    Post   Ready   Un-Ready   Failed
08/04/22 00:36:16   ===     ===      ===     ===     ===        ===      ===
08/04/22 00:36:16     0       0        0       0       1          5        0
08/04/22 00:36:16 0 job proc(s) currently held
08/04/22 00:36:16 DAGMan Runtime Statistics: [ EventCycleTimeCount = 0.0; EventCycleTimeSum = 0.0; LogProcessCycleTimeCount = 0.0; LogProcessCycleTimeSum = 0.0; SleepCycleTimeCount = 0.0; SleepCycleTimeSum = 0.0; SubmitCycleTimeCount = 0.0; SubmitCycleTimeSum = 0.0; ]
08/04/22 00:36:16 Registering condor_event_timer...
08/04/22 00:36:17 Submitting HTCondor Node DESCARGAR job(s)...
08/04/22 00:36:17 Submitting node DESCARGAR from file descargar.condor using direct job submission
08/04/22 00:36:17 Submit warning: Submit:0:the line 'RETRY = 0' was unused by DAGMAN. Is it a typo?
|Submit:0:the line 'JOB = DESCARGAR' was unused by DAGMAN. Is it a typo?
08/04/22 00:36:17 	assigned HTCondor ID (62.0.0)
08/04/22 00:36:17 Just submitted 1 job this cycle...
08/04/22 00:36:17 DAG status: 0 (DAG_STATUS_OK)
08/04/22 00:36:17 Of 6 nodes total:
08/04/22 00:36:17  Done     Pre   Queued    Post   Ready   Un-Ready   Failed
08/04/22 00:36:17   ===     ===      ===     ===     ===        ===      ===
08/04/22 00:36:17     0       0        1       0       0          5        0
08/04/22 00:36:17 0 job proc(s) currently held
08/04/22 00:36:17 DAGMan Runtime Statistics: [ EventCycleTimeCount = 0.0; EventCycleTimeSum = 0.0; LogProcessCycleTimeCount = 0.0; LogProcessCycleTimeSum = 0.0; SleepCycleTimeCount = 0.0; SleepCycleTimeSum = 0.0; SubmitCycleTimeAvg = 0.02768492698669434; SubmitCycleTimeCount = 1.0; SubmitCycleTimeMax = 0.02768492698669434; SubmitCycleTimeMin = 0.02768492698669434; SubmitCycleTimeStd = 0.02768492698669434; SubmitCycleTimeSum = 0.02768492698669434; ]
08/04/22 00:36:22 Currently monitoring 1 HTCondor log file(s)
08/04/22 00:36:22 Reassigning the id of job DESCARGAR from (62.0.0) to (62.0.0)
08/04/22 00:36:22 Event: ULOG_SUBMIT for HTCondor Node DESCARGAR (62.0.0) {08/04/22 00:36:17}
08/04/22 00:36:22 Number of idle job procs: 1
08/04/22 00:36:42 Currently monitoring 1 HTCondor log file(s)
08/04/22 00:36:42 Event: ULOG_EXECUTE for HTCondor Node DESCARGAR (62.0.0) {08/04/22 00:36:38}
08/04/22 00:36:42 Number of idle job procs: 0
08/04/22 00:36:42 Event: ULOG_JOB_TERMINATED for HTCondor Node DESCARGAR (62.0.0) {08/04/22 00:36:41}
08/04/22 00:36:42 Number of idle job procs: 0
08/04/22 00:36:42 Node DESCARGAR job proc (62.0.0) completed successfully.
08/04/22 00:36:42 Node DESCARGAR job completed
08/04/22 00:36:42 DAG status: 0 (DAG_STATUS_OK)
08/04/22 00:36:42 Of 6 nodes total:
08/04/22 00:36:42  Done     Pre   Queued    Post   Ready   Un-Ready   Failed
08/04/22 00:36:42   ===     ===      ===     ===     ===        ===      ===
08/04/22 00:36:42     1       0        0       0       1          4        0
08/04/22 00:36:42 0 job proc(s) currently held
08/04/22 00:36:42 DAGMan Runtime Statistics: [ EventCycleTimeAvg = 0.008005189895629882; EventCycleTimeCount = 5.0; EventCycleTimeMax = 0.03137803077697754; EventCycleTimeMin = 0.000782012939453125; EventCycleTimeStd = 0.01321095252965581; EventCycleTimeSum = 0.04002594947814941; LogProcessCycleTimeAvg = 0.004343509674072266; LogProcessCycleTimeCount = 2.0; LogProcessCycleTimeMax = 0.00459599494934082; LogProcessCycleTimeMin = 0.004091024398803711; LogProcessCycleTimeStd = 0.0003570681005842942; LogProcessCycleTimeSum = 0.008687019348144531; SleepCycleTimeAvg = 5.005288791656494; SleepCycleTimeCount = 5.0; SleepCycleTimeMax = 5.005455017089844; SleepCycleTimeMin = 5.005108118057251; SleepCycleTimeStd = 0.0001637397090900722; SleepCycleTimeSum = 25.02644395828247; SubmitCycleTimeAvg = 0.004945834477742513; SubmitCycleTimeCount = 6.0; SubmitCycleTimeMax = 0.02768492698669434; SubmitCycleTimeMin = 0.0002760887145996094; SubmitCycleTimeStd = 0.0111401193680629; SubmitCycleTimeSum = 0.02967500686645508; ]
08/04/22 00:36:47 Submitting HTCondor Node ESTADISTICA job(s)...
08/04/22 00:36:47 Submitting node ESTADISTICA from file estadistica.condor using direct job submission
08/04/22 00:36:47 Submit warning: Submit:0:the line 'RETRY = 0' was unused by DAGMAN. Is it a typo?
|Submit:0:the line 'JOB = ESTADISTICA' was unused by DAGMAN. Is it a typo?
08/04/22 00:36:47 	assigned HTCondor ID (63.0.0)
08/04/22 00:36:47 Just submitted 1 job this cycle...
08/04/22 00:36:47 DAG status: 0 (DAG_STATUS_OK)
08/04/22 00:36:47 Of 6 nodes total:
08/04/22 00:36:47  Done     Pre   Queued    Post   Ready   Un-Ready   Failed
08/04/22 00:36:47   ===     ===      ===     ===     ===        ===      ===
08/04/22 00:36:47     1       0        1       0       0          4        0
08/04/22 00:36:47 0 job proc(s) currently held
08/04/22 00:36:47 DAGMan Runtime Statistics: [ EventCycleTimeAvg = 0.007718841234842936; EventCycleTimeCount = 6.0; EventCycleTimeMax = 0.03137803077697754; EventCycleTimeMin = 0.000782012939453125; EventCycleTimeStd = 0.01183703454104373; EventCycleTimeSum = 0.04631304740905762; LogProcessCycleTimeAvg = 0.004343509674072266; LogProcessCycleTimeCount = 2.0; LogProcessCycleTimeMax = 0.00459599494934082; LogProcessCycleTimeMin = 0.004091024398803711; LogProcessCycleTimeStd = 0.0003570681005842942; LogProcessCycleTimeSum = 0.008687019348144531; SleepCycleTimeAvg = 5.005260984102885; SleepCycleTimeCount = 6.0; SleepCycleTimeMax = 5.005455017089844; SleepCycleTimeMin = 5.005108118057251; SleepCycleTimeStd = 0.0001615181440939976; SleepCycleTimeSum = 30.03156590461731; SubmitCycleTimeAvg = 0.006969145366123745; SubmitCycleTimeCount = 7.0; SubmitCycleTimeMax = 0.02768492698669434; SubmitCycleTimeMin = 0.0002760887145996094; SubmitCycleTimeStd = 0.01149239132076245; SubmitCycleTimeSum = 0.04878401756286621; ]
08/04/22 00:36:52 Currently monitoring 1 HTCondor log file(s)
08/04/22 00:36:52 Reassigning the id of job ESTADISTICA from (63.0.0) to (63.0.0)
08/04/22 00:36:52 Event: ULOG_SUBMIT for HTCondor Node ESTADISTICA (63.0.0) {08/04/22 00:36:47}
08/04/22 00:36:52 Number of idle job procs: 1
08/04/22 00:36:52 Event: ULOG_EXECUTE for HTCondor Node ESTADISTICA (63.0.0) {08/04/22 00:36:49}
08/04/22 00:36:52 Number of idle job procs: 0
08/04/22 00:36:52 Event: ULOG_JOB_TERMINATED for HTCondor Node ESTADISTICA (63.0.0) {08/04/22 00:36:49}
08/04/22 00:36:52 Number of idle job procs: 0
08/04/22 00:36:52 Node ESTADISTICA job proc (63.0.0) completed successfully.
08/04/22 00:36:52 Node ESTADISTICA job completed
08/04/22 00:36:52 DAG status: 0 (DAG_STATUS_OK)
08/04/22 00:36:52 Of 6 nodes total:
08/04/22 00:36:52  Done     Pre   Queued    Post   Ready   Un-Ready   Failed
08/04/22 00:36:52   ===     ===      ===     ===     ===        ===      ===
08/04/22 00:36:52     2       0        0       0       1          3        0
08/04/22 00:36:52 0 job proc(s) currently held
08/04/22 00:36:52 DAGMan Runtime Statistics: [ EventCycleTimeAvg = 0.009653159550258092; EventCycleTimeCount = 7.0; EventCycleTimeMax = 0.03137803077697754; EventCycleTimeMin = 0.000782012939453125; EventCycleTimeStd = 0.01195633445872963; EventCycleTimeSum = 0.06757211685180664; LogProcessCycleTimeAvg = 0.005274613698323567; LogProcessCycleTimeCount = 3.0; LogProcessCycleTimeMax = 0.007136821746826172; LogProcessCycleTimeMin = 0.004091024398803711; LogProcessCycleTimeStd = 0.001632364213696915; LogProcessCycleTimeSum = 0.0158238410949707; SleepCycleTimeAvg = 5.005252395357404; SleepCycleTimeCount = 7.0; SleepCycleTimeMax = 5.005455017089844; SleepCycleTimeMin = 5.005108118057251; SleepCycleTimeStd = 0.0001491860005056025; SleepCycleTimeSum = 35.03676676750183; SubmitCycleTimeAvg = 0.00614514946937561; SubmitCycleTimeCount = 8.0; SubmitCycleTimeMax = 0.02768492698669434; SubmitCycleTimeMin = 0.0002760887145996094; SubmitCycleTimeStd = 0.01089215069237116; SubmitCycleTimeSum = 0.04916119575500488; ]
08/04/22 00:36:57 Submitting HTCondor Node ENCABEZADO job(s)...
08/04/22 00:36:57 Submitting node ENCABEZADO from file encabezado.condor using direct job submission
08/04/22 00:36:57 Submit warning: Submit:0:the line 'RETRY = 0' was unused by DAGMAN. Is it a typo?
|Submit:0:the line 'JOB = ENCABEZADO' was unused by DAGMAN. Is it a typo?
08/04/22 00:36:57 	assigned HTCondor ID (64.0.0)
08/04/22 00:36:57 Just submitted 1 job this cycle...
08/04/22 00:36:57 DAG status: 0 (DAG_STATUS_OK)
08/04/22 00:36:57 Of 6 nodes total:
08/04/22 00:36:57  Done     Pre   Queued    Post   Ready   Un-Ready   Failed
08/04/22 00:36:57   ===     ===      ===     ===     ===        ===      ===
08/04/22 00:36:57     2       0        1       0       0          3        0
08/04/22 00:36:57 0 job proc(s) currently held
08/04/22 00:36:57 DAGMan Runtime Statistics: [ EventCycleTimeAvg = 0.0096016526222229; EventCycleTimeCount = 8.0; EventCycleTimeMax = 0.03137803077697754; EventCycleTimeMin = 0.000782012939453125; EventCycleTimeStd = 0.01107037338444778; EventCycleTimeSum = 0.0768132209777832; LogProcessCycleTimeAvg = 0.005274613698323567; LogProcessCycleTimeCount = 3.0; LogProcessCycleTimeMax = 0.007136821746826172; LogProcessCycleTimeMin = 0.004091024398803711; LogProcessCycleTimeStd = 0.001632364213696915; LogProcessCycleTimeSum = 0.0158238410949707; SleepCycleTimeAvg = 5.005234718322754; SleepCycleTimeCount = 8.0; SleepCycleTimeMax = 5.005455017089844; SleepCycleTimeMin = 5.005108118057251; SleepCycleTimeStd = 0.0001468903922690442; SleepCycleTimeSum = 40.04187774658203; SubmitCycleTimeAvg = 0.00753535164727105; SubmitCycleTimeCount = 9.0; SubmitCycleTimeMax = 0.02768492698669434; SubmitCycleTimeMin = 0.0002760887145996094; SubmitCycleTimeStd = 0.01100922509652625; SubmitCycleTimeSum = 0.06781816482543945; ]
08/04/22 00:37:02 Currently monitoring 1 HTCondor log file(s)
08/04/22 00:37:02 Reassigning the id of job ENCABEZADO from (64.0.0) to (64.0.0)
08/04/22 00:37:02 Event: ULOG_SUBMIT for HTCondor Node ENCABEZADO (64.0.0) {08/04/22 00:36:57}
08/04/22 00:37:02 Number of idle job procs: 1
08/04/22 00:37:02 Event: ULOG_EXECUTE for HTCondor Node ENCABEZADO (64.0.0) {08/04/22 00:36:59}
08/04/22 00:37:02 Number of idle job procs: 0
08/04/22 00:37:02 Event: ULOG_JOB_TERMINATED for HTCondor Node ENCABEZADO (64.0.0) {08/04/22 00:36:59}
08/04/22 00:37:02 Number of idle job procs: 0
08/04/22 00:37:02 Node ENCABEZADO job proc (64.0.0) completed successfully.
08/04/22 00:37:02 Node ENCABEZADO job completed
08/04/22 00:37:02 DAG status: 0 (DAG_STATUS_OK)
08/04/22 00:37:02 Of 6 nodes total:
08/04/22 00:37:02  Done     Pre   Queued    Post   Ready   Un-Ready   Failed
08/04/22 00:37:02   ===     ===      ===     ===     ===        ===      ===
08/04/22 00:37:02     3       0        0       0       3          0        0
08/04/22 00:37:02 0 job proc(s) currently held
08/04/22 00:37:02 DAGMan Runtime Statistics: [ EventCycleTimeAvg = 0.01085625754462348; EventCycleTimeCount = 9.0; EventCycleTimeMax = 0.03137803077697754; EventCycleTimeMin = 0.000782012939453125; EventCycleTimeStd = 0.01101818145675635; EventCycleTimeSum = 0.09770631790161133; LogProcessCycleTimeAvg = 0.006123483180999756; LogProcessCycleTimeCount = 4.0; LogProcessCycleTimeMax = 0.00867009162902832; LogProcessCycleTimeMin = 0.004091024398803711; LogProcessCycleTimeStd = 0.002158408258859907; LogProcessCycleTimeSum = 0.02449393272399902; SleepCycleTimeAvg = 5.00527040163676; SleepCycleTimeCount = 9.0; SleepCycleTimeMax = 5.005555868148804; SleepCycleTimeMin = 5.005108118057251; SleepCycleTimeStd = 0.0001741820283757547; SleepCycleTimeSum = 45.04743361473083; SubmitCycleTimeAvg = 0.006842708587646485; SubmitCycleTimeCount = 10.0; SubmitCycleTimeMax = 0.02768492698669434; SubmitCycleTimeMin = 0.0002760887145996094; SubmitCycleTimeStd = 0.01060818444269442; SubmitCycleTimeSum = 0.06842708587646484; ]
08/04/22 00:37:07 Submitting HTCondor Node FILTRO_1 job(s)...
08/04/22 00:37:07 Submitting node FILTRO_1 from file filtro_1.condor using direct job submission
08/04/22 00:37:08 Submit warning: Submit:0:the line 'RETRY = 0' was unused by DAGMAN. Is it a typo?
|Submit:0:the line 'JOB = FILTRO_1' was unused by DAGMAN. Is it a typo?
08/04/22 00:37:08 	assigned HTCondor ID (65.0.0)
08/04/22 00:37:08 Submitting HTCondor Node FILTRO_2 job(s)...
08/04/22 00:37:08 Submitting node FILTRO_2 from file filtro_2.condor using direct job submission
08/04/22 00:37:08 Submit warning: Submit:0:the line 'RETRY = 0' was unused by DAGMAN. Is it a typo?
|Submit:0:the line 'JOB = FILTRO_2' was unused by DAGMAN. Is it a typo?
08/04/22 00:37:08 	assigned HTCondor ID (66.0.0)
08/04/22 00:37:08 Submitting HTCondor Node FILTRO_3 job(s)...
08/04/22 00:37:08 Submitting node FILTRO_3 from file filtro_3.condor using direct job submission
08/04/22 00:37:08 Submit warning: Submit:0:the line 'RETRY = 0' was unused by DAGMAN. Is it a typo?
|Submit:0:the line 'JOB = FILTRO_3' was unused by DAGMAN. Is it a typo?
08/04/22 00:37:08 	assigned HTCondor ID (67.0.0)
08/04/22 00:37:08 Just submitted 3 jobs this cycle...
08/04/22 00:37:08 DAG status: 0 (DAG_STATUS_OK)
08/04/22 00:37:08 Of 6 nodes total:
08/04/22 00:37:08  Done     Pre   Queued    Post   Ready   Un-Ready   Failed
08/04/22 00:37:08   ===     ===      ===     ===     ===        ===      ===
08/04/22 00:37:08     3       0        3       0       0          0        0
08/04/22 00:37:08 0 job proc(s) currently held
08/04/22 00:37:08 DAGMan Runtime Statistics: [ EventCycleTimeAvg = 0.01092934608459473; EventCycleTimeCount = 10.0; EventCycleTimeMax = 0.03137803077697754; EventCycleTimeMin = 0.000782012939453125; EventCycleTimeStd = 0.01039061197552246; EventCycleTimeSum = 0.1092934608459473; LogProcessCycleTimeAvg = 0.006123483180999756; LogProcessCycleTimeCount = 4.0; LogProcessCycleTimeMax = 0.00867009162902832; LogProcessCycleTimeMin = 0.004091024398803711; LogProcessCycleTimeStd = 0.002158408258859907; LogProcessCycleTimeSum = 0.02449393272399902; SleepCycleTimeAvg = 5.005282759666443; SleepCycleTimeCount = 10.0; SleepCycleTimeMax = 5.005555868148804; SleepCycleTimeMin = 5.005108118057251; SleepCycleTimeStd = 0.000168806237661813; SleepCycleTimeSum = 50.05282759666443; SubmitCycleTimeAvg = 0.01232637058604847; SubmitCycleTimeCount = 11.0; SubmitCycleTimeMax = 0.06716299057006836; SubmitCycleTimeMin = 0.0002760887145996094; SubmitCycleTimeStd = 0.02078596299171872; SubmitCycleTimeSum = 0.1355900764465332; ]
08/04/22 00:37:13 Currently monitoring 1 HTCondor log file(s)
08/04/22 00:37:13 Reassigning the id of job FILTRO_1 from (65.0.0) to (65.0.0)
08/04/22 00:37:13 Event: ULOG_SUBMIT for HTCondor Node FILTRO_1 (65.0.0) {08/04/22 00:37:08}
08/04/22 00:37:13 Number of idle job procs: 1
08/04/22 00:37:13 Reassigning the id of job FILTRO_2 from (66.0.0) to (66.0.0)
08/04/22 00:37:13 Event: ULOG_SUBMIT for HTCondor Node FILTRO_2 (66.0.0) {08/04/22 00:37:08}
08/04/22 00:37:13 Number of idle job procs: 2
08/04/22 00:37:13 Reassigning the id of job FILTRO_3 from (67.0.0) to (67.0.0)
08/04/22 00:37:13 Event: ULOG_SUBMIT for HTCondor Node FILTRO_3 (67.0.0) {08/04/22 00:37:08}
08/04/22 00:37:13 Number of idle job procs: 3
08/04/22 00:37:13 Event: ULOG_EXECUTE for HTCondor Node FILTRO_1 (65.0.0) {08/04/22 00:37:09}
08/04/22 00:37:13 Number of idle job procs: 2
08/04/22 00:37:13 Event: ULOG_JOB_TERMINATED for HTCondor Node FILTRO_1 (65.0.0) {08/04/22 00:37:09}
08/04/22 00:37:13 Number of idle job procs: 2
08/04/22 00:37:13 Node FILTRO_1 job proc (65.0.0) completed successfully.
08/04/22 00:37:13 Node FILTRO_1 job completed
08/04/22 00:37:13 Event: ULOG_EXECUTE for HTCondor Node FILTRO_2 (66.0.0) {08/04/22 00:37:10}
08/04/22 00:37:13 Number of idle job procs: 1
08/04/22 00:37:13 Event: ULOG_JOB_TERMINATED for HTCondor Node FILTRO_2 (66.0.0) {08/04/22 00:37:10}
08/04/22 00:37:13 Number of idle job procs: 1
08/04/22 00:37:13 Node FILTRO_2 job proc (66.0.0) failed with status 1.
08/04/22 00:37:13 Event: ULOG_EXECUTE for HTCondor Node FILTRO_3 (67.0.0) {08/04/22 00:37:12}
08/04/22 00:37:13 Number of idle job procs: 0
08/04/22 00:37:13 Event: ULOG_JOB_TERMINATED for HTCondor Node FILTRO_3 (67.0.0) {08/04/22 00:37:12}
08/04/22 00:37:13 Number of idle job procs: 0
08/04/22 00:37:13 Node FILTRO_3 job proc (67.0.0) completed successfully.
08/04/22 00:37:13 Node FILTRO_3 job completed
08/04/22 00:37:13 DAG status: 2 (DAG_STATUS_NODE_FAILED)
08/04/22 00:37:13 Of 6 nodes total:
08/04/22 00:37:13  Done     Pre   Queued    Post   Ready   Un-Ready   Failed
08/04/22 00:37:13   ===     ===      ===     ===     ===        ===      ===
08/04/22 00:37:13     5       0        0       0       0          0        1
08/04/22 00:37:13 0 job proc(s) currently held
08/04/22 00:37:13 DAGMan Runtime Statistics: [ EventCycleTimeAvg = 0.01630048318342729; EventCycleTimeCount = 11.0; EventCycleTimeMax = 0.07001185417175293; EventCycleTimeMin = 0.000782012939453125; EventCycleTimeStd = 0.02035948394685617; EventCycleTimeSum = 0.1793053150177002; LogProcessCycleTimeAvg = 0.008031558990478516; LogProcessCycleTimeCount = 5.0; LogProcessCycleTimeMax = 0.01566386222839355; LogProcessCycleTimeMin = 0.004091024398803711; LogProcessCycleTimeStd = 0.00465809093218736; LogProcessCycleTimeSum = 0.04015779495239258; SleepCycleTimeAvg = 5.005304791710594; SleepCycleTimeCount = 11.0; SleepCycleTimeMax = 5.005555868148804; SleepCycleTimeMin = 5.005108118057251; SleepCycleTimeStd = 0.0001760270219794141; SleepCycleTimeSum = 55.05835270881653; SubmitCycleTimeAvg = 0.0113529364267985; SubmitCycleTimeCount = 12.0; SubmitCycleTimeMax = 0.06716299057006836; SubmitCycleTimeMin = 0.0002760887145996094; SubmitCycleTimeStd = 0.02010346499117888; SubmitCycleTimeSum = 0.136235237121582; ]
08/04/22 00:37:13 ERROR: the following job(s) failed:
08/04/22 00:37:13 ---------------------- Job ----------------------
08/04/22 00:37:13       Node Name: FILTRO_2
08/04/22 00:37:13            Noop: false
08/04/22 00:37:13          NodeID: 4
08/04/22 00:37:13     Node Status: STATUS_ERROR    
08/04/22 00:37:13 Node return val: 1
08/04/22 00:37:13           Error: Job proc (66.0.0) failed with status 1
08/04/22 00:37:13 Job Submit File: filtro_2.condor
08/04/22 00:37:13  HTCondor Job ID: (66.0.0)
08/04/22 00:37:13 PARENTS: ENCABEZADO WAITING: 0 CHILDREN: 
08/04/22 00:37:13 ---------------------------------------	<END>
08/04/22 00:37:13 Aborting DAG...
08/04/22 00:37:13 Writing Rescue DAG to start_dag.condor_dag.rescue001...
08/04/22 00:37:13 Removing submitted jobs...
08/04/22 00:37:13 Removing any/all submitted HTCondor jobs...
08/04/22 00:37:13 Running: /usr/bin/condor_rm -const DAGManJobId==61
08/04/22 00:37:13 Note: 0 total job deferrals because of -MaxJobs limit (0)
08/04/22 00:37:13 Note: 0 total job deferrals because of -MaxIdle limit (1000)
08/04/22 00:37:13 Note: 0 total job deferrals because of node category throttles
08/04/22 00:37:13 Note: 0 total PRE script deferrals because of -MaxPre limit (20) or DEFER
08/04/22 00:37:13 Note: 0 total POST script deferrals because of -MaxPost limit (20) or DEFER
08/04/22 00:37:13 Note: 0 total HOLD script deferrals because of -MaxHold limit (20) or DEFER
08/04/22 00:37:13 DAG status: 2 (DAG_STATUS_NODE_FAILED)
08/04/22 00:37:13 Of 6 nodes total:
08/04/22 00:37:13  Done     Pre   Queued    Post   Ready   Un-Ready   Failed
08/04/22 00:37:13   ===     ===      ===     ===     ===        ===      ===
08/04/22 00:37:13     5       0        0       0       0          0        1
08/04/22 00:37:13 0 job proc(s) currently held
08/04/22 00:37:13 DAGMan Runtime Statistics: [ EventCycleTimeAvg = 0.01630048318342729; EventCycleTimeCount = 11.0; EventCycleTimeMax = 0.07001185417175293; EventCycleTimeMin = 0.000782012939453125; EventCycleTimeStd = 0.02035948394685617; EventCycleTimeSum = 0.1793053150177002; LogProcessCycleTimeAvg = 0.008031558990478516; LogProcessCycleTimeCount = 5.0; LogProcessCycleTimeMax = 0.01566386222839355; LogProcessCycleTimeMin = 0.004091024398803711; LogProcessCycleTimeStd = 0.00465809093218736; LogProcessCycleTimeSum = 0.04015779495239258; SleepCycleTimeAvg = 5.005304791710594; SleepCycleTimeCount = 11.0; SleepCycleTimeMax = 5.005555868148804; SleepCycleTimeMin = 5.005108118057251; SleepCycleTimeStd = 0.0001760270219794141; SleepCycleTimeSum = 55.05835270881653; SubmitCycleTimeAvg = 0.0113529364267985; SubmitCycleTimeCount = 12.0; SubmitCycleTimeMax = 0.06716299057006836; SubmitCycleTimeMin = 0.0002760887145996094; SubmitCycleTimeStd = 0.02010346499117888; SubmitCycleTimeSum = 0.136235237121582; ]
08/04/22 00:37:13 Wrote metrics file start_dag.condor_dag.metrics.
08/04/22 00:37:13 DAGMan Runtime Statistics: [ EventCycleTimeAvg = 0.01630048318342729; EventCycleTimeCount = 11.0; EventCycleTimeMax = 0.07001185417175293; EventCycleTimeMin = 0.000782012939453125; EventCycleTimeStd = 0.02035948394685617; EventCycleTimeSum = 0.1793053150177002; LogProcessCycleTimeAvg = 0.008031558990478516; LogProcessCycleTimeCount = 5.0; LogProcessCycleTimeMax = 0.01566386222839355; LogProcessCycleTimeMin = 0.004091024398803711; LogProcessCycleTimeStd = 0.00465809093218736; LogProcessCycleTimeSum = 0.04015779495239258; SleepCycleTimeAvg = 5.005304791710594; SleepCycleTimeCount = 11.0; SleepCycleTimeMax = 5.005555868148804; SleepCycleTimeMin = 5.005108118057251; SleepCycleTimeStd = 0.0001760270219794141; SleepCycleTimeSum = 55.05835270881653; SubmitCycleTimeAvg = 0.0113529364267985; SubmitCycleTimeCount = 12.0; SubmitCycleTimeMax = 0.06716299057006836; SubmitCycleTimeMin = 0.0002760887145996094; SubmitCycleTimeStd = 0.02010346499117888; SubmitCycleTimeSum = 0.136235237121582; ]
08/04/22 00:37:13 **** condor_scheduniv_exec.61.0 (condor_DAGMAN) pid 1060 EXITING WITH STATUS 1
